(/usr/share/texmf/tex/context/base/cont-yes.mkiv

ConTeXt  ver: 2013.05.28 00:36 MKIV current  fmt: 2014.8.25  int: english/english

system          > 'cont-new.mkiv' loaded
(/usr/share/texmf/tex/context/base/cont-new.mkiv)
system          > files > jobname 'resume', input './resume', result 'resume'
fonts           > latin modern fonts are not preloaded
languages       > language 'en' is active
(/home/maydin/Desktop/resume/resume.tex
fonts           > typescripts > unknown library 'loc'
(/usr/share/texmf/tex/context/base/type-imp-cambria.mkiv)
fonts           > preloading latin modern fonts (third stage)
{/usr/share/texmf/fonts/map/dvips/lm/lm-math.map}{/usr/share/texmf/fonts/map/dvips/lm/lm-rm.map}{/usr/share/texmf/fonts/map/pdftex/context/mkiv-base.map}
fonts           > 'fallback modern rm 12pt' is loaded
colors          > defining > unknown library 'hex'
structure       > sectioning > section @ level 3 : 0.0.1 -> Aytuğ Murat AYDIN
structure       > sectioning > subsection @ level 4 : 0.0.1.1 -> Education
structure       > sectioning > subsection @ level 4 : 0.0.1.2 -> Experience
backend         > xmp > using file '/usr/share/texmf/tex/context/base/lpdf-pdx.xml'
pages           > flushing realpage 1, userpage 1
structure       > sectioning > subsection @ level 4 : 0.0.1.3 -> Technical Experience

Overfull \hbox (21.25606pt too wide) in paragraph at lines 183--185
 [][]\3>modern-designsize-12pt-rm-bf-0--0 Pro-gram-ming Lan-guages: \3>modern-designsize-12pt-rm-tf-0--0 Java, C/C++, C#, Ruby, Python, PHP, JavaScript 

\hbox(10.42677+4.05482)x483.69687, glue set - 1.0, direction TLT
.\glue(\leftskip) 91.0488
.\whatsit
..\localinterlinepenalty=0
..\localbrokenpenalty=0
..\localleftbox=null
..\localrightbox=null
.\hbox(10.42677+4.05482)x0.0, glue set - 91.0488fil, direction TLT
..\glue 0.0 plus 1.0fil minus 1.0fil
..\hbox(10.42677+4.05482)x91.0488, direction TLT
...\hbox(10.42677+4.05482)x91.0488, glue set 39.83385fil, direction TLT []
.\3>modern-designsize-12pt-rm-bf-0--0 P
.\3>modern-designsize-12pt-rm-bf-0--0 r
.etc.


Overfull \hbox (28.70332pt too wide) in paragraph at lines 191--193
 [][]\3>modern-designsize-12pt-rm-bf-0--0 Op-er-at-ing Sys-tems: \3>modern-designsize-12pt-rm-tf-0--0 Linux(Red-hat, Cen-tos, Fe-dora, Ubuntu), Win-dows(98-Win-

\hbox(9.0+3.012)x483.69687, glue set - 1.0, direction TLT
.\glue(\leftskip) 91.0488
.\whatsit
..\localinterlinepenalty=0
..\localbrokenpenalty=0
..\localleftbox=null
..\localrightbox=null
.\hbox(0.0+0.0)x0.0, direction TLT
.\3>modern-designsize-12pt-rm-bf-0--0 O
.\3>modern-designsize-12pt-rm-bf-0--0 p
.etc.

structure       > sectioning > subsection @ level 4 : 0.0.1.4 -> Side Projects
structure       > sectioning > subsection @ level 4 : 0.0.1.5 -> Awards and Certifications
structure       > sectioning > subsection @ level 4 : 0.0.1.6 -> Additional Skills and Information
pages           > flushing realpage 2, userpage 2
pages           > flushing realpage 3, userpage 3
 ) )</usr/share/texmf/fonts/opentype/public/lm-math/latinmodernmath-regular.otf></usr/share/texmf/fonts/opentype/public/lm/lmromanslant12-regular.otf></usr/share/texmf/fonts/opentype/public/lm/lmroman12-bold.otf></usr/share/texmf/fonts/opentype/public/lm/lmroman12-regular.otf></usr/share/texmf/fonts/opentype/public/lm/lmroman10-bold.otf>

system          > files > start used files

used files      >    1: filename=cont-yes.mkiv filetype=tex foundname=/usr/share/texmf/tex/context/base/cont-yes.mkiv usedmethod=database
used files      >    2: filename=cont-new.mkiv filetype=tex foundname=/usr/share/texmf/tex/context/base/cont-new.mkiv usedmethod=database
used files      >    3: filename=lang-us.lua filetype=lua foundname=/usr/share/texmf/tex/context/patterns/lang-us.lua usedmethod=database
used files      >    4: filename=/home/maydin/Desktop/resume/resume.tex foundname=/home/maydin/Desktop/resume/resume.tex usedmethod=direct
used files      >    5: filename=type-imp-cambria.mkiv filetype=tex foundname=/usr/share/texmf/tex/context/base/type-imp-cambria.mkiv usedmethod=database
used files      >    6: filename=lm.lfg filetype=tex foundname=/usr/share/texmf/tex/context/fonts/lm.lfg usedmethod=database
used files      >    7: filename=lm-math.lfg filetype=tex foundname=/usr/share/texmf/tex/context/fonts/lm-math.lfg usedmethod=database
used files      >    8: filename=lm-math.map filetype=map format=map foundname=/usr/share/texmf/fonts/map/dvips/lm/lm-math.map usedmethod=database
used files      >    9: filename=lm-rm.map filetype=map format=map foundname=/usr/share/texmf/fonts/map/dvips/lm/lm-rm.map usedmethod=database
used files      >   10: filename=mkiv-base.map filetype=map format=map foundname=/usr/share/texmf/fonts/map/pdftex/context/mkiv-base.map usedmethod=database
used files      >   11: filename=lmroman12-regular filetype=otf format=otf foundname=/usr/share/texmf/fonts/opentype/public/lm/lmroman12-regular.otf usedmethod=database
used files      >   12: filename=latinmodernmath-regular.otf filetype=opentypefonts foundname=/usr/share/texmf/fonts/opentype/public/lm-math/latinmodernmath-regular.otf usedmethod=database
used files      >   13: filename=latinmodernmath-regular.otf filetype=otf format=otf foundname=/usr/share/texmf/fonts/opentype/public/lm-math/latinmodernmath-regular.otf usedmethod=database
used files      >   14: filename=lmroman10-regular filetype=otf format=otf foundname=/usr/share/texmf/fonts/opentype/public/lm/lmroman10-regular.otf usedmethod=database
used files      >   15: filename=lmroman10-bold filetype=otf format=otf foundname=/usr/share/texmf/fonts/opentype/public/lm/lmroman10-bold.otf usedmethod=database
used files      >   16: filename=lmroman12-bold filetype=otf format=otf foundname=/usr/share/texmf/fonts/opentype/public/lm/lmroman12-bold.otf usedmethod=database
used files      >   17: filename=lmromanslant12-regular filetype=otf format=otf foundname=/usr/share/texmf/fonts/opentype/public/lm/lmromanslant12-regular.otf usedmethod=database
used files      >   18: filename=lpdf-pdx.xml filetype=tex foundname=/usr/share/texmf/tex/context/base/lpdf-pdx.xml usedmethod=database

system          > files > stop used files


system          > structure > start used structure

used structure  > text: resume

system          > structure > stop used structure


system          > files > start used files

used file       >    1: filename=cont-yes.mkiv filetype=tex foundname=/usr/share/texmf/tex/context/base/cont-yes.mkiv usedmethod=database
used file       >    2: filename=cont-new.mkiv filetype=tex foundname=/usr/share/texmf/tex/context/base/cont-new.mkiv usedmethod=database
used file       >    3: filename=lang-us.lua filetype=lua foundname=/usr/share/texmf/tex/context/patterns/lang-us.lua usedmethod=database
used file       >    4: filename=/home/maydin/Desktop/resume/resume.tex foundname=/home/maydin/Desktop/resume/resume.tex usedmethod=direct
used file       >    5: filename=type-imp-cambria.mkiv filetype=tex foundname=/usr/share/texmf/tex/context/base/type-imp-cambria.mkiv usedmethod=database
used file       >    6: filename=lm.lfg filetype=tex foundname=/usr/share/texmf/tex/context/fonts/lm.lfg usedmethod=database
used file       >    7: filename=lm-math.lfg filetype=tex foundname=/usr/share/texmf/tex/context/fonts/lm-math.lfg usedmethod=database
used file       >    8: filename=lm-math.map filetype=map format=map foundname=/usr/share/texmf/fonts/map/dvips/lm/lm-math.map usedmethod=database
used file       >    9: filename=lm-rm.map filetype=map format=map foundname=/usr/share/texmf/fonts/map/dvips/lm/lm-rm.map usedmethod=database
used file       >   10: filename=mkiv-base.map filetype=map format=map foundname=/usr/share/texmf/fonts/map/pdftex/context/mkiv-base.map usedmethod=database
used file       >   11: filename=lmroman12-regular filetype=otf format=otf foundname=/usr/share/texmf/fonts/opentype/public/lm/lmroman12-regular.otf usedmethod=database
used file       >   12: filename=latinmodernmath-regular.otf filetype=opentypefonts foundname=/usr/share/texmf/fonts/opentype/public/lm-math/latinmodernmath-regular.otf usedmethod=database
used file       >   13: filename=latinmodernmath-regular.otf filetype=otf format=otf foundname=/usr/share/texmf/fonts/opentype/public/lm-math/latinmodernmath-regular.otf usedmethod=database
used file       >   14: filename=lmroman10-regular filetype=otf format=otf foundname=/usr/share/texmf/fonts/opentype/public/lm/lmroman10-regular.otf usedmethod=database
used file       >   15: filename=lmroman10-bold filetype=otf format=otf foundname=/usr/share/texmf/fonts/opentype/public/lm/lmroman10-bold.otf usedmethod=database
used file       >   16: filename=lmroman12-bold filetype=otf format=otf foundname=/usr/share/texmf/fonts/opentype/public/lm/lmroman12-bold.otf usedmethod=database
used file       >   17: filename=lmromanslant12-regular filetype=otf format=otf foundname=/usr/share/texmf/fonts/opentype/public/lm/lmromanslant12-regular.otf usedmethod=database
used file       >   18: filename=lpdf-pdx.xml filetype=tex foundname=/usr/share/texmf/tex/context/base/lpdf-pdx.xml usedmethod=database

system          > files > stop used files


system          > options > start commandline options

used option     > currentrun="2"
used option     > fulljobname="./resume.tex"
used option     > input="./resume.tex"
used option     > kindofrun="2"
used option     > maxnofruns="8"
used option     > no-parse-first-line="true"

system          > options > stop commandline options

system          > options > start commandline files

used file       >    1: ./resume.tex

system          > options > stop commandline files



mkiv lua stats  > used config file: selfautodir:/share/texmf/web2c/texmfcnf.lua
mkiv lua stats  > used cache path: readable: '/var/lib/texmf/luatex-cache/context/f919750633122078d706dd10f1cfd39b' | readable+writable: '/home/maydin/.texmf-var/luatex-cache/context/f919750633122078d706dd10f1cfd39b'
mkiv lua stats  > resource resolver: loadtime 0.009 seconds, 0 scans with scantime 0.000 seconds, 0 shared scans, 18 found files, scanned paths: <none>
mkiv lua stats  > stored bytecode data: 329 modules (0.145 sec), 69 tables (0.003 sec), 398 chunks (0.148 sec)
mkiv lua stats  > cleaned up reserved nodes: 50 nodes, 9 lists of 441
mkiv lua stats  > node memory usage: 2 glue, 2 penalty, 12 attribute, 46 glue_spec, 3 attribute_list
mkiv lua stats  > node list callback tasks: 6 unique task lists, 6 instances (re)created, 587 calls
mkiv lua stats  > h-node processing time: 0.045 seconds including kernel
mkiv lua stats  > attribute processing time: 0.012 seconds front- and backend
mkiv lua stats  > used backend: pdf (backend for directly generating pdf output)
mkiv lua stats  > loaded patterns: en::2, load time: 0.000
mkiv lua stats  > jobdata time: 0.003 seconds saving, 0.002 seconds loading
mkiv lua stats  > callbacks: 1180 direct, 529 indirect, 1709 total
mkiv lua stats  > randomizer: resumed with value 0.26058277499889
mkiv lua stats  > lxml preparation time: 0.000 seconds, 0 nodes, 15 lpath calls, 0 cached calls
mkiv lua stats  > interactive elements: 1 references, 16 destinations
mkiv lua stats  > result saved in file: resume.pdf, compresslevel 3, objectcompreslevel 3
mkiv lua stats  > loaded fonts: 6 files: latinmodernmath-regular.otf, lmroman10-bold.otf, lmroman10-regular.otf, lmroman12-bold.otf, lmroman12-regular.otf, lmromanslant12-regular.otf
mkiv lua stats  > fonts load time: 0.170 seconds 
mkiv lua stats  > pdf annotations: 1 embedded, 1 unique
mkiv lua stats  > luatex banner: this is luatex, version beta-0.76.0-2013121407  (tex live 2013/dev/debian) (rev 4627)
mkiv lua stats  > control sequences: 37463 of 65536 + 100000
mkiv lua stats  > current memory usage: 53 MB (ctx: 52 MB)
mkiv lua stats  > runtime: 0.783 seconds, 3 processed pages, 3 shipped pages, 3.831 pages/second

